
-------
23/49/2017 10:49:10
-------


-------
23/49/2017 10:49:10
-------


-------
23/49/2017 10:49:11
-------


-------
23/49/2017 10:49:11
-------


-------
23/49/2017 10:49:12
-------


-------
23/49/2017 10:49:12
-------


-------
23/49/2017 10:49:12
-------


-------
23/51/2017 10:51:01
-------


-------
23/51/2017 10:51:01
-------


-------
23/51/2017 10:51:02
-------


-------
23/51/2017 10:51:02
-------


-------
23/51/2017 10:51:02
-------


-------
23/51/2017 10:51:03
-------


-------
23/51/2017 10:51:03
-------


-------
23/11/2017 11:11:18
-------


-------
23/11/2017 11:11:18
-------


-------
23/11/2017 11:11:19
-------


-------
23/11/2017 11:11:19
-------


-------
23/11/2017 11:11:19
-------


-------
23/11/2017 11:11:20
-------


-------
23/11/2017 11:11:20
-------


-------
23/11/2017 11:11:21
-------


-------
23/18/2017 11:18:05
-------


-------
23/18/2017 11:18:06
-------


-------
23/18/2017 11:18:06
-------


-------
23/18/2017 11:18:07
-------


-------
23/18/2017 11:18:07
-------


-------
23/18/2017 11:18:07
-------


-------
23/18/2017 11:18:08
-------


-------
23/18/2017 11:18:08
-------


-------
23/19/2017 11:19:27
-------


-------
23/19/2017 11:19:27
-------


-------
23/19/2017 11:19:28
-------


-------
23/19/2017 11:19:28
-------


-------
23/19/2017 11:19:28
-------


-------
23/19/2017 11:19:29
-------


-------
23/19/2017 11:19:29
-------


-------
23/19/2017 11:19:29
-------


-------
23/24/2017 11:24:54
-------


-------
23/24/2017 11:24:54
-------


-------
23/24/2017 11:24:55
-------


-------
23/24/2017 11:24:55
-------


-------
23/24/2017 11:24:55
-------


-------
23/24/2017 11:24:56
-------


-------
23/24/2017 11:24:56
-------


-------
23/24/2017 11:24:57
-------


-------
23/24/2017 11:24:57
-------


-------
23/25/2017 11:25:59
-------


-------
23/26/2017 11:26:00
-------


-------
23/26/2017 11:26:00
-------


-------
23/26/2017 11:26:01
-------


-------
23/26/2017 11:26:01
-------


-------
23/26/2017 11:26:01
-------


-------
23/26/2017 11:26:02
-------


-------
23/26/2017 11:26:02
-------


-------
23/26/2017 11:26:02
-------


-------
23/26/2017 11:26:55
-------


-------
23/26/2017 11:26:55
-------


-------
23/26/2017 11:26:56
-------


-------
23/26/2017 11:26:56
-------


-------
23/26/2017 11:26:56
-------


-------
23/26/2017 11:26:56
-------


-------
23/26/2017 11:26:57
-------


-------
23/26/2017 11:26:57
-------


-------
23/26/2017 11:26:57
-------


-------
23/27/2017 11:27:10
-------


-------
23/27/2017 11:27:10
-------


-------
23/27/2017 11:27:10
-------


-------
23/27/2017 11:27:11
-------


-------
23/27/2017 11:27:11
-------


-------
23/27/2017 11:27:11
-------


-------
23/27/2017 11:27:12
-------


-------
23/27/2017 11:27:12
-------


-------
23/27/2017 11:27:12
-------


-------
23/27/2017 11:27:47
-------


-------
23/27/2017 11:27:47
-------


-------
23/27/2017 11:27:48
-------


-------
23/27/2017 11:27:48
-------


-------
23/27/2017 11:27:48
-------


-------
23/27/2017 11:27:49
-------


-------
23/27/2017 11:27:49
-------


-------
23/27/2017 11:27:49
-------


-------
23/27/2017 11:27:50
-------


-------
23/28/2017 11:28:02
-------


-------
23/28/2017 11:28:02
-------


-------
23/28/2017 11:28:02
-------


-------
23/28/2017 11:28:03
-------


-------
23/28/2017 11:28:03
-------


-------
23/28/2017 11:28:03
-------


-------
23/28/2017 11:28:03
-------


-------
23/28/2017 11:28:04
-------


-------
23/28/2017 11:28:04
-------


-------
23/29/2017 11:29:34
-------


-------
23/29/2017 11:29:34
-------


-------
23/29/2017 11:29:34
-------


-------
23/29/2017 11:29:35
-------


-------
23/29/2017 11:29:35
-------


-------
23/29/2017 11:29:36
-------


-------
23/29/2017 11:29:36
-------


-------
23/29/2017 11:29:36
-------


-------
23/29/2017 11:29:37
-------


-------
23/36/2017 11:36:48
-------


-------
23/36/2017 11:36:48
-------


-------
23/36/2017 11:36:49
-------


-------
23/36/2017 11:36:49
-------


-------
23/36/2017 11:36:49
-------


-------
23/36/2017 11:36:50
-------


-------
23/36/2017 11:36:50
-------


-------
23/36/2017 11:36:50
-------


-------
23/36/2017 11:36:51
-------


-------
23/36/2017 11:36:51
-------


-------
23/41/2017 11:41:07
-------


-------
23/41/2017 11:41:07
-------


-------
23/41/2017 11:41:08
-------


-------
23/41/2017 11:41:08
-------


-------
23/41/2017 11:41:09
-------


-------
23/41/2017 11:41:09
-------


-------
23/41/2017 11:41:09
-------


-------
23/41/2017 11:41:09
-------


-------
23/41/2017 11:41:10
-------


-------
23/41/2017 11:41:10
-------


-------
23/41/2017 11:41:11
-------


-------
23/41/2017 11:41:38
-------


-------
23/41/2017 11:41:38
-------


-------
23/41/2017 11:41:38
-------


-------
23/41/2017 11:41:39
-------


-------
23/41/2017 11:41:39
-------


-------
23/41/2017 11:41:40
-------


-------
23/41/2017 11:41:40
-------


-------
23/41/2017 11:41:40
-------


-------
23/41/2017 11:41:41
-------


-------
23/41/2017 11:41:41
-------


-------
23/41/2017 11:41:41
-------


-------
23/46/2017 11:46:43
-------


-------
23/46/2017 11:46:43
-------


-------
23/46/2017 11:46:44
-------


-------
23/46/2017 11:46:44
-------


-------
23/46/2017 11:46:45
-------


-------
23/46/2017 11:46:45
-------


-------
23/46/2017 11:46:45
-------


-------
23/46/2017 11:46:46
-------


-------
23/46/2017 11:46:46
-------


-------
23/46/2017 11:46:47
-------


-------
23/46/2017 11:46:47
-------


-------
23/46/2017 11:46:58
-------


-------
23/46/2017 11:46:59
-------


-------
23/46/2017 11:46:59
-------


-------
23/47/2017 11:47:00
-------


-------
23/47/2017 11:47:00
-------


-------
23/47/2017 11:47:00
-------


-------
23/47/2017 11:47:01
-------


-------
23/47/2017 11:47:01
-------


-------
23/47/2017 11:47:01
-------


-------
23/47/2017 11:47:02
-------


-------
23/47/2017 11:47:02
-------


-------
23/00/2017 12:00:36
-------


-------
23/00/2017 12:00:37
-------


-------
23/00/2017 12:00:37
-------


-------
23/00/2017 12:00:38
-------


-------
23/00/2017 12:00:38
-------


-------
23/00/2017 12:00:38
-------


-------
23/00/2017 12:00:38
-------


-------
23/00/2017 12:00:39
-------


-------
23/00/2017 12:00:39
-------


-------
23/00/2017 12:00:39
-------


-------
23/00/2017 12:00:40
-------


-------
23/00/2017 12:00:40
-------


-------
23/00/2017 12:00:40
-------


-------
23/00/2017 12:00:47
-------


-------
23/00/2017 12:00:47
-------


-------
23/00/2017 12:00:48
-------


-------
23/00/2017 12:00:48
-------


-------
23/00/2017 12:00:48
-------


-------
23/00/2017 12:00:48
-------


-------
23/00/2017 12:00:49
-------


-------
23/00/2017 12:00:49
-------


-------
23/00/2017 12:00:50
-------


-------
23/00/2017 12:00:50
-------


-------
23/00/2017 12:00:50
-------


-------
23/00/2017 12:00:50
-------


-------
23/00/2017 12:00:51
-------


-------
23/01/2017 12:01:00
-------


-------
23/01/2017 12:01:00
-------


-------
23/01/2017 12:01:01
-------


-------
23/01/2017 12:01:01
-------


-------
23/01/2017 12:01:02
-------


-------
23/01/2017 12:01:02
-------


-------
23/01/2017 12:01:02
-------


-------
23/01/2017 12:01:03
-------


-------
23/01/2017 12:01:03
-------


-------
23/01/2017 12:01:03
-------


-------
23/01/2017 12:01:04
-------


-------
23/01/2017 12:01:04
-------


-------
23/01/2017 12:01:04
-------


-------
23/17/2017 12:17:39
-------


-------
23/17/2017 12:17:40
-------


-------
23/17/2017 12:17:40
-------


-------
23/17/2017 12:17:40
-------


-------
23/17/2017 12:17:41
-------


-------
23/17/2017 12:17:41
-------


-------
23/17/2017 12:17:41
-------


-------
23/17/2017 12:17:42
-------


-------
23/17/2017 12:17:42
-------


-------
23/17/2017 12:17:43
-------


-------
23/17/2017 12:17:43
-------


-------
23/17/2017 12:17:43
-------


-------
23/17/2017 12:17:43
-------


-------
23/17/2017 12:17:44
-------


-------
23/17/2017 12:17:50
-------


-------
23/17/2017 12:17:50
-------


-------
23/17/2017 12:17:51
-------


-------
23/17/2017 12:17:51
-------


-------
23/17/2017 12:17:51
-------


-------
23/17/2017 12:17:52
-------


-------
23/17/2017 12:17:52
-------


-------
23/17/2017 12:17:52
-------


-------
23/17/2017 12:17:53
-------


-------
23/17/2017 12:17:53
-------


-------
23/17/2017 12:17:53
-------


-------
23/17/2017 12:17:54
-------


-------
23/17/2017 12:17:54
-------


-------
23/17/2017 12:17:54
-------


-------
23/19/2017 12:19:28
-------


-------
23/19/2017 12:19:29
-------


-------
23/19/2017 12:19:29
-------


-------
23/19/2017 12:19:29
-------


-------
23/19/2017 12:19:30
-------


-------
23/19/2017 12:19:30
-------


-------
23/19/2017 12:19:30
-------


-------
23/19/2017 12:19:31
-------


-------
23/19/2017 12:19:31
-------


-------
23/19/2017 12:19:31
-------


-------
23/19/2017 12:19:32
-------


-------
23/19/2017 12:19:32
-------


-------
23/19/2017 12:19:32
-------


-------
23/19/2017 12:19:33
-------


-------
23/20/2017 12:20:56
-------


-------
23/20/2017 12:20:56
-------


-------
23/20/2017 12:20:57
-------


-------
23/20/2017 12:20:57
-------


-------
23/20/2017 12:20:57
-------


-------
23/20/2017 12:20:58
-------


-------
23/20/2017 12:20:58
-------


-------
23/20/2017 12:20:58
-------


-------
23/20/2017 12:20:59
-------


-------
23/20/2017 12:20:59
-------


-------
23/20/2017 12:20:59
-------


-------
23/21/2017 12:21:00
-------


-------
23/21/2017 12:21:00
-------


-------
23/21/2017 12:21:00
-------


-------
23/21/2017 12:21:08
-------


-------
23/21/2017 12:21:09
-------


-------
23/21/2017 12:21:09
-------


-------
23/21/2017 12:21:10
-------


-------
23/21/2017 12:21:10
-------


-------
23/21/2017 12:21:10
-------


-------
23/21/2017 12:21:11
-------


-------
23/21/2017 12:21:11
-------


-------
23/21/2017 12:21:11
-------


-------
23/21/2017 12:21:11
-------


-------
23/21/2017 12:21:12
-------


-------
23/21/2017 12:21:12
-------


-------
23/21/2017 12:21:12
-------


-------
23/21/2017 12:21:13
-------


-------
23/21/2017 12:21:39
-------


-------
23/21/2017 12:21:40
-------


-------
23/21/2017 12:21:40
-------


-------
23/21/2017 12:21:40
-------


-------
23/21/2017 12:21:41
-------


-------
23/21/2017 12:21:41
-------


-------
23/21/2017 12:21:41
-------


-------
23/21/2017 12:21:42
-------


-------
23/21/2017 12:21:42
-------


-------
23/21/2017 12:21:42
-------


-------
23/21/2017 12:21:43
-------


-------
23/21/2017 12:21:43
-------


-------
23/21/2017 12:21:43
-------


-------
23/21/2017 12:21:44
-------


-------
23/36/2017 12:36:01
-------


-------
23/36/2017 12:36:02
-------


-------
23/36/2017 12:36:02
-------


-------
23/36/2017 12:36:03
-------


-------
23/36/2017 12:36:03
-------


-------
23/36/2017 12:36:03
-------


-------
23/36/2017 12:36:04
-------


-------
23/36/2017 12:36:04
-------


-------
23/36/2017 12:36:04
-------


-------
23/36/2017 12:36:05
-------


-------
23/36/2017 12:36:05
-------


-------
23/36/2017 12:36:05
-------


-------
23/36/2017 12:36:06
-------


-------
23/36/2017 12:36:06
-------


-------
23/36/2017 12:36:06
-------


-------
23/36/2017 12:36:37
-------


-------
23/36/2017 12:36:37
-------


-------
23/36/2017 12:36:37
-------


-------
23/36/2017 12:36:38
-------


-------
23/36/2017 12:36:38
-------


-------
23/36/2017 12:36:38
-------


-------
23/36/2017 12:36:39
-------


-------
23/36/2017 12:36:39
-------


-------
23/36/2017 12:36:39
-------


-------
23/36/2017 12:36:40
-------


-------
23/36/2017 12:36:40
-------


-------
23/36/2017 12:36:40
-------


-------
23/36/2017 12:36:41
-------


-------
23/36/2017 12:36:41
-------


-------
23/36/2017 12:36:41
-------


-------
23/36/2017 12:36:50
-------


-------
23/36/2017 12:36:50
-------


-------
23/36/2017 12:36:51
-------


-------
23/36/2017 12:36:51
-------


-------
23/36/2017 12:36:51
-------


-------
23/36/2017 12:36:51
-------


-------
23/36/2017 12:36:52
-------


-------
23/36/2017 12:36:52
-------


-------
23/36/2017 12:36:52
-------


-------
23/36/2017 12:36:53
-------


-------
23/36/2017 12:36:53
-------


-------
23/36/2017 12:36:53
-------


-------
23/36/2017 12:36:53
-------


-------
23/36/2017 12:36:54
-------


-------
23/36/2017 12:36:54
-------


-------
23/37/2017 12:37:02
-------


-------
23/37/2017 12:37:02
-------


-------
23/37/2017 12:37:03
-------


-------
23/37/2017 12:37:03
-------


-------
23/37/2017 12:37:03
-------


-------
23/37/2017 12:37:04
-------


-------
23/37/2017 12:37:04
-------


-------
23/37/2017 12:37:04
-------


-------
23/37/2017 12:37:05
-------


-------
23/37/2017 12:37:05
-------


-------
23/37/2017 12:37:05
-------


-------
23/37/2017 12:37:06
-------


-------
23/37/2017 12:37:06
-------


-------
23/37/2017 12:37:06
-------


-------
23/37/2017 12:37:07
-------


-------
23/42/2017 12:42:54
-------


-------
23/42/2017 12:42:55
-------


-------
23/42/2017 12:42:55
-------


-------
23/42/2017 12:42:55
-------


-------
23/42/2017 12:42:56
-------


-------
23/42/2017 12:42:56
-------


-------
23/42/2017 12:42:56
-------


-------
23/42/2017 12:42:57
-------


-------
23/42/2017 12:42:57
-------


-------
23/42/2017 12:42:57
-------


-------
23/42/2017 12:42:58
-------


-------
23/42/2017 12:42:58
-------


-------
23/42/2017 12:42:58
-------


-------
23/42/2017 12:42:59
-------


-------
23/42/2017 12:42:59
-------


-------
23/42/2017 12:42:59
-------


-------
23/52/2017 12:52:22
-------


-------
23/52/2017 12:52:22
-------


-------
23/52/2017 12:52:23
-------


-------
23/52/2017 12:52:23
-------


-------
23/52/2017 12:52:23
-------


-------
23/52/2017 12:52:24
-------


-------
23/52/2017 12:52:24
-------


-------
23/52/2017 12:52:24
-------


-------
23/52/2017 12:52:25
-------


-------
23/52/2017 12:52:25
-------


-------
23/52/2017 12:52:25
-------


-------
23/52/2017 12:52:26
-------


-------
23/52/2017 12:52:26
-------


-------
23/52/2017 12:52:26
-------


-------
23/52/2017 12:52:27
-------


-------
23/52/2017 12:52:27
-------


-------
23/52/2017 12:52:27
-------


-------
23/52/2017 12:52:33
-------


-------
23/52/2017 12:52:33
-------


-------
23/52/2017 12:52:34
-------


-------
23/52/2017 12:52:34
-------


-------
23/52/2017 12:52:34
-------


-------
23/52/2017 12:52:35
-------


-------
23/52/2017 12:52:35
-------


-------
23/52/2017 12:52:35
-------


-------
23/52/2017 12:52:36
-------


-------
23/52/2017 12:52:36
-------


-------
23/52/2017 12:52:36
-------


-------
23/52/2017 12:52:37
-------


-------
23/52/2017 12:52:37
-------


-------
23/52/2017 12:52:37
-------


-------
23/52/2017 12:52:37
-------


-------
23/52/2017 12:52:38
-------


-------
23/52/2017 12:52:38
-------


-------
23/52/2017 12:52:50
-------


-------
23/52/2017 12:52:51
-------


-------
23/52/2017 12:52:51
-------


-------
23/52/2017 12:52:52
-------


-------
23/52/2017 12:52:52
-------


-------
23/52/2017 12:52:52
-------


-------
23/52/2017 12:52:53
-------


-------
23/52/2017 12:52:53
-------


-------
23/52/2017 12:52:53
-------


-------
23/52/2017 12:52:54
-------


-------
23/52/2017 12:52:54
-------


-------
23/52/2017 12:52:54
-------


-------
23/52/2017 12:52:55
-------


-------
23/52/2017 12:52:55
-------


-------
23/52/2017 12:52:55
-------


-------
23/52/2017 12:52:55
-------


-------
23/52/2017 12:52:56
-------


-------
23/22/2017 13:22:32
-------


-------
23/22/2017 13:22:32
-------


-------
23/22/2017 13:22:33
-------


-------
23/22/2017 13:22:33
-------


-------
23/22/2017 13:22:33
-------


-------
23/22/2017 13:22:34
-------


-------
23/22/2017 13:22:34
-------


-------
23/22/2017 13:22:34
-------


-------
23/22/2017 13:22:35
-------


-------
23/22/2017 13:22:35
-------


-------
23/22/2017 13:22:35
-------


-------
23/22/2017 13:22:36
-------


-------
23/22/2017 13:22:36
-------


-------
23/22/2017 13:22:36
-------


-------
23/22/2017 13:22:37
-------


-------
23/22/2017 13:22:37
-------


-------
23/22/2017 13:22:37
-------


-------
23/37/2017 16:37:33
-------


-------
23/37/2017 16:37:34
-------


-------
23/37/2017 16:37:34
-------


-------
23/37/2017 16:37:34
-------


-------
23/37/2017 16:37:35
-------


-------
23/37/2017 16:37:35
-------


-------
23/37/2017 16:37:35
-------


-------
23/37/2017 16:37:36
-------


-------
23/37/2017 16:37:36
-------


-------
23/37/2017 16:37:36
-------


-------
23/37/2017 16:37:37
-------


-------
23/37/2017 16:37:37
-------


-------
23/37/2017 16:37:38
-------


-------
23/37/2017 16:37:38
-------


-------
23/37/2017 16:37:38
-------


-------
23/37/2017 16:37:39
-------


-------
23/37/2017 16:37:39
-------


-------
23/37/2017 16:37:39
-------


-------
23/38/2017 16:38:29
-------


-------
23/38/2017 16:38:29
-------


-------
23/38/2017 16:38:29
-------


-------
23/38/2017 16:38:30
-------


-------
23/38/2017 16:38:30
-------


-------
23/38/2017 16:38:30
-------


-------
23/38/2017 16:38:31
-------


-------
23/38/2017 16:38:31
-------


-------
23/38/2017 16:38:31
-------


-------
23/38/2017 16:38:32
-------


-------
23/38/2017 16:38:32
-------


-------
23/38/2017 16:38:32
-------


-------
23/38/2017 16:38:33
-------


-------
23/38/2017 16:38:33
-------


-------
23/38/2017 16:38:33
-------


-------
23/38/2017 16:38:34
-------


-------
23/38/2017 16:38:34
-------


-------
23/38/2017 16:38:34
-------


-------
23/53/2017 16:53:15
-------


-------
23/53/2017 16:53:16
-------


-------
23/53/2017 16:53:17
-------


-------
23/53/2017 16:53:17
-------


-------
23/53/2017 16:53:17
-------


-------
23/53/2017 16:53:17
-------


-------
23/53/2017 16:53:18
-------


-------
23/53/2017 16:53:18
-------


-------
23/53/2017 16:53:18
-------


-------
23/53/2017 16:53:19
-------


-------
23/53/2017 16:53:19
-------


-------
23/53/2017 16:53:19
-------


-------
23/53/2017 16:53:20
-------


-------
23/53/2017 16:53:20
-------


-------
23/53/2017 16:53:20
-------


-------
23/53/2017 16:53:21
-------


-------
23/53/2017 16:53:21
-------


-------
23/53/2017 16:53:21
-------


-------
23/53/2017 16:53:22
-------


-------
23/54/2017 16:54:10
-------


-------
23/54/2017 16:54:11
-------


-------
23/54/2017 16:54:11
-------


-------
23/54/2017 16:54:12
-------


-------
23/54/2017 16:54:12
-------


-------
23/54/2017 16:54:12
-------


-------
23/54/2017 16:54:13
-------


-------
23/54/2017 16:54:13
-------


-------
23/54/2017 16:54:13
-------


-------
23/54/2017 16:54:14
-------


-------
23/54/2017 16:54:14
-------


-------
23/54/2017 16:54:14
-------


-------
23/54/2017 16:54:15
-------


-------
23/54/2017 16:54:15
-------


-------
23/54/2017 16:54:15
-------


-------
23/54/2017 16:54:15
-------


-------
23/54/2017 16:54:16
-------


-------
23/54/2017 16:54:16
-------


-------
23/54/2017 16:54:16
-------


-------
23/59/2017 16:59:26
-------


-------
23/59/2017 16:59:27
-------


-------
23/59/2017 16:59:27
-------


-------
23/59/2017 16:59:28
-------


-------
23/59/2017 16:59:28
-------


-------
23/59/2017 16:59:28
-------


-------
23/59/2017 16:59:29
-------


-------
23/59/2017 16:59:29
-------


-------
23/59/2017 16:59:29
-------


-------
23/59/2017 16:59:30
-------


-------
23/59/2017 16:59:30
-------


-------
23/59/2017 16:59:30
-------


-------
23/59/2017 16:59:31
-------


-------
23/59/2017 16:59:31
-------


-------
23/59/2017 16:59:31
-------


-------
23/59/2017 16:59:32
-------


-------
23/59/2017 16:59:32
-------


-------
23/59/2017 16:59:32
-------


-------
23/59/2017 16:59:32
-------


-------
26/46/2017 12:46:25
-------

Error executing 'CREATE TABLE customer (
	id INTEGER AUTO_INCREMENT NOT NULL PRIMARY KEY,
	firstName VARCHAR(50) NOT NULL,
	lastName VARCHAR(50) NOT NULL,
	email VARCHAR(50) NOT NULL,
	phone VARCHAR(50) NOT NULL,
	password VARCHAR(50) NOT NULL) ' (line 32): Table 'customer' already exists

-------
26/46/2017 12:46:25
-------

Error executing 'CREATE TABLE book (
	id INTEGER AUTO_INCREMENT NOT NULL PRIMARY KEY,
	bookName VARCHAR(50) NOT NULL,
	bookAuthor VARCHAR(50) NOT NULL,
	bookCategory VARCHAR(50) NOT NULL,
	bookDescription VARCHAR(255) NOT NULL,
	   bookReserved VARCHAR(50) NOT NULL,
     bookReservedUserId INTEGER NULL,
     bookRented VARCHAR(50) NOT NULL,
     bookRentedUserId INTEGER NULL,
     bookPicture VARCHAR(255) NULL,
     bookRentedDate VARCHAR(255) NOT NULL) ' (line 17): Table 'book' already exists
Error executing 'CREATE TABLE librarian (
	id INTEGER AUTO_INCREMENT NOT NULL PRIMARY KEY,
	firstName VARCHAR(50) NOT NULL,
	lastName VARCHAR(50) NOT NULL,
	email VARCHAR(50) NOT NULL,
	phone VARCHAR(50) NOT NULL,
    password VARCHAR(50) NOT NULL) ' (line 46): Table 'librarian' already exists
Error executing 'CREATE TABLE library.admin (
	id VARCHAR(50) NOT NULL,
	password VARCHAR(50) NOT NULL) ' (line 56): Table 'admin' already exists

-------
26/46/2017 12:46:27
-------

Error executing 'CREATE TABLE book (
	id INTEGER AUTO_INCREMENT NOT NULL PRIMARY KEY,
	bookName VARCHAR(50) NOT NULL,
	bookAuthor VARCHAR(50) NOT NULL,
	bookCategory VARCHAR(50) NOT NULL,
	bookDescription VARCHAR(255) NOT NULL,
	   bookReserved VARCHAR(50) NOT NULL,
     bookReservedUserId INTEGER NULL,
     bookRented VARCHAR(50) NOT NULL,
     bookRentedUserId INTEGER NULL,
     bookPicture VARCHAR(255) NULL,
     bookRentedDate VARCHAR(255) NOT NULL) ' (line 17): Table 'book' already exists
Error executing 'CREATE TABLE customer (
	id INTEGER AUTO_INCREMENT NOT NULL PRIMARY KEY,
	firstName VARCHAR(50) NOT NULL,
	lastName VARCHAR(50) NOT NULL,
	email VARCHAR(50) NOT NULL,
	phone VARCHAR(50) NOT NULL,
	password VARCHAR(50) NOT NULL) ' (line 32): Table 'customer' already exists
Error executing 'CREATE TABLE librarian (
	id INTEGER AUTO_INCREMENT NOT NULL PRIMARY KEY,
	firstName VARCHAR(50) NOT NULL,
	lastName VARCHAR(50) NOT NULL,
	email VARCHAR(50) NOT NULL,
	phone VARCHAR(50) NOT NULL,
    password VARCHAR(50) NOT NULL) ' (line 46): Table 'librarian' already exists

-------
26/46/2017 12:46:27
-------

Error executing 'CREATE TABLE library.admin (
	id VARCHAR(50) NOT NULL,
	password VARCHAR(50) NOT NULL) ' (line 56): Table 'admin' already exists

-------
26/46/2017 12:46:28
-------

Error executing 'CREATE TABLE customer (
	id INTEGER AUTO_INCREMENT NOT NULL PRIMARY KEY,
	firstName VARCHAR(50) NOT NULL,
	lastName VARCHAR(50) NOT NULL,
	email VARCHAR(50) NOT NULL,
	phone VARCHAR(50) NOT NULL,
	password VARCHAR(50) NOT NULL) ' (line 32): Table 'customer' already exists

-------
26/46/2017 12:46:28
-------

Error executing 'CREATE TABLE book (
	id INTEGER AUTO_INCREMENT NOT NULL PRIMARY KEY,
	bookName VARCHAR(50) NOT NULL,
	bookAuthor VARCHAR(50) NOT NULL,
	bookCategory VARCHAR(50) NOT NULL,
	bookDescription VARCHAR(255) NOT NULL,
	   bookReserved VARCHAR(50) NOT NULL,
     bookReservedUserId INTEGER NULL,
     bookRented VARCHAR(50) NOT NULL,
     bookRentedUserId INTEGER NULL,
     bookPicture VARCHAR(255) NULL,
     bookRentedDate VARCHAR(255) NOT NULL) ' (line 17): Table 'book' already exists
Error executing 'CREATE TABLE librarian (
	id INTEGER AUTO_INCREMENT NOT NULL PRIMARY KEY,
	firstName VARCHAR(50) NOT NULL,
	lastName VARCHAR(50) NOT NULL,
	email VARCHAR(50) NOT NULL,
	phone VARCHAR(50) NOT NULL,
    password VARCHAR(50) NOT NULL) ' (line 46): Table 'librarian' already exists
Error executing 'CREATE TABLE library.admin (
	id VARCHAR(50) NOT NULL,
	password VARCHAR(50) NOT NULL) ' (line 56): Table 'admin' already exists

-------
26/46/2017 12:46:29
-------


-------
26/46/2017 12:46:29
-------

Error executing 'CREATE TABLE book (
	id INTEGER AUTO_INCREMENT NOT NULL PRIMARY KEY,
	bookName VARCHAR(50) NOT NULL,
	bookAuthor VARCHAR(50) NOT NULL,
	bookCategory VARCHAR(50) NOT NULL,
	bookDescription VARCHAR(255) NOT NULL,
	   bookReserved VARCHAR(50) NOT NULL,
     bookReservedUserId INTEGER NULL,
     bookRented VARCHAR(50) NOT NULL,
     bookRentedUserId INTEGER NULL,
     bookPicture VARCHAR(255) NULL,
     bookRentedDate VARCHAR(255) NOT NULL) ' (line 17): Table 'book' already exists
Error executing 'CREATE TABLE customer (
	id INTEGER AUTO_INCREMENT NOT NULL PRIMARY KEY,
	firstName VARCHAR(50) NOT NULL,
	lastName VARCHAR(50) NOT NULL,
	email VARCHAR(50) NOT NULL,
	phone VARCHAR(50) NOT NULL,
	password VARCHAR(50) NOT NULL) ' (line 32): Table 'customer' already exists
Error executing 'CREATE TABLE librarian (
	id INTEGER AUTO_INCREMENT NOT NULL PRIMARY KEY,
	firstName VARCHAR(50) NOT NULL,
	lastName VARCHAR(50) NOT NULL,
	email VARCHAR(50) NOT NULL,
	phone VARCHAR(50) NOT NULL,
    password VARCHAR(50) NOT NULL) ' (line 46): Table 'librarian' already exists
Error executing 'CREATE TABLE library.admin (
	id VARCHAR(50) NOT NULL,
	password VARCHAR(50) NOT NULL) ' (line 56): Table 'admin' already exists

-------
26/46/2017 12:46:29
-------

Error executing 'CREATE TABLE book (
	id INTEGER AUTO_INCREMENT NOT NULL PRIMARY KEY,
	bookName VARCHAR(50) NOT NULL,
	bookAuthor VARCHAR(50) NOT NULL,
	bookCategory VARCHAR(50) NOT NULL,
	bookDescription VARCHAR(255) NOT NULL,
	   bookReserved VARCHAR(50) NOT NULL,
     bookReservedUserId INTEGER NULL,
     bookRented VARCHAR(50) NOT NULL,
     bookRentedUserId INTEGER NULL,
     bookPicture VARCHAR(255) NULL,
     bookRentedDate VARCHAR(255) NOT NULL) ' (line 17): Table 'book' already exists

-------
26/46/2017 12:46:29
-------

Error executing 'CREATE TABLE customer (
	id INTEGER AUTO_INCREMENT NOT NULL PRIMARY KEY,
	firstName VARCHAR(50) NOT NULL,
	lastName VARCHAR(50) NOT NULL,
	email VARCHAR(50) NOT NULL,
	phone VARCHAR(50) NOT NULL,
	password VARCHAR(50) NOT NULL) ' (line 32): Table 'customer' already exists
Error executing 'CREATE TABLE librarian (
	id INTEGER AUTO_INCREMENT NOT NULL PRIMARY KEY,
	firstName VARCHAR(50) NOT NULL,
	lastName VARCHAR(50) NOT NULL,
	email VARCHAR(50) NOT NULL,
	phone VARCHAR(50) NOT NULL,
    password VARCHAR(50) NOT NULL) ' (line 46): Table 'librarian' already exists
Error executing 'CREATE TABLE library.admin (
	id VARCHAR(50) NOT NULL,
	password VARCHAR(50) NOT NULL) ' (line 56): Table 'admin' already exists

-------
26/46/2017 12:46:30
-------

Error executing 'CREATE TABLE book (
	id INTEGER AUTO_INCREMENT NOT NULL PRIMARY KEY,
	bookName VARCHAR(50) NOT NULL,
	bookAuthor VARCHAR(50) NOT NULL,
	bookCategory VARCHAR(50) NOT NULL,
	bookDescription VARCHAR(255) NOT NULL,
	   bookReserved VARCHAR(50) NOT NULL,
     bookReservedUserId INTEGER NULL,
     bookRented VARCHAR(50) NOT NULL,
     bookRentedUserId INTEGER NULL,
     bookPicture VARCHAR(255) NULL,
     bookRentedDate VARCHAR(255) NOT NULL) ' (line 17): Table 'book' already exists
Error executing 'CREATE TABLE customer (
	id INTEGER AUTO_INCREMENT NOT NULL PRIMARY KEY,
	firstName VARCHAR(50) NOT NULL,
	lastName VARCHAR(50) NOT NULL,
	email VARCHAR(50) NOT NULL,
	phone VARCHAR(50) NOT NULL,
	password VARCHAR(50) NOT NULL) ' (line 32): Table 'customer' already exists
Error executing 'CREATE TABLE librarian (
	id INTEGER AUTO_INCREMENT NOT NULL PRIMARY KEY,
	firstName VARCHAR(50) NOT NULL,
	lastName VARCHAR(50) NOT NULL,
	email VARCHAR(50) NOT NULL,
	phone VARCHAR(50) NOT NULL,
    password VARCHAR(50) NOT NULL) ' (line 46): Table 'librarian' already exists
Error executing 'CREATE TABLE library.admin (
	id VARCHAR(50) NOT NULL,
	password VARCHAR(50) NOT NULL) ' (line 56): Table 'admin' already exists

-------
26/46/2017 12:46:30
-------


-------
26/46/2017 12:46:31
-------

Error executing 'INSERT INTO book VALUES ( null, 'Harry Potter', 'Potter Author', 'Potter category', 'Potter description', 'false', 222, 'true',222,'pic.PNG', '2016-11-22') ' (line 19): Table 'library.book' doesn't exist
Error executing 'INSERT INTO book VALUES ( null, 'Mr Man', 'Man Author', 'Man category', 'Man description', 'false', 222, 'true',222,'pic1.PNG', '2016-12-21') ' (line 20): Table 'library.book' doesn't exist
Error executing 'CREATE TABLE librarian (
	id INTEGER AUTO_INCREMENT NOT NULL PRIMARY KEY,
	firstName VARCHAR(50) NOT NULL,
	lastName VARCHAR(50) NOT NULL,
	email VARCHAR(50) NOT NULL,
	phone VARCHAR(50) NOT NULL,
    password VARCHAR(50) NOT NULL) ' (line 46): Table 'librarian' already exists
Error executing 'CREATE TABLE library.admin (
	id VARCHAR(50) NOT NULL,
	password VARCHAR(50) NOT NULL) ' (line 56): Table 'admin' already exists

-------
26/46/2017 12:46:31
-------

Error executing 'CREATE TABLE customer (
	id INTEGER AUTO_INCREMENT NOT NULL PRIMARY KEY,
	firstName VARCHAR(50) NOT NULL,
	lastName VARCHAR(50) NOT NULL,
	email VARCHAR(50) NOT NULL,
	phone VARCHAR(50) NOT NULL,
	password VARCHAR(50) NOT NULL) ' (line 32): Table 'customer' already exists

-------
26/46/2017 12:46:32
-------

Error executing 'INSERT INTO book VALUES ( null, 'Harry Potter', 'Potter Author', 'Potter category', 'Potter description', 'false', 222, 'true',222,'pic.PNG', '2016-11-22') ' (line 19): Table 'library.book' doesn't exist

-------
26/46/2017 12:46:32
-------

Error executing 'CREATE TABLE customer (
	id INTEGER AUTO_INCREMENT NOT NULL PRIMARY KEY,
	firstName VARCHAR(50) NOT NULL,
	lastName VARCHAR(50) NOT NULL,
	email VARCHAR(50) NOT NULL,
	phone VARCHAR(50) NOT NULL,
	password VARCHAR(50) NOT NULL) ' (line 32): Table 'customer' already exists
Error executing 'CREATE TABLE librarian (
	id INTEGER AUTO_INCREMENT NOT NULL PRIMARY KEY,
	firstName VARCHAR(50) NOT NULL,
	lastName VARCHAR(50) NOT NULL,
	email VARCHAR(50) NOT NULL,
	phone VARCHAR(50) NOT NULL,
    password VARCHAR(50) NOT NULL) ' (line 46): Table 'librarian' already exists
Error executing 'CREATE TABLE library.admin (
	id VARCHAR(50) NOT NULL,
	password VARCHAR(50) NOT NULL) ' (line 56): Table 'admin' already exists

-------
26/46/2017 12:46:33
-------

Error executing 'CREATE TABLE book (
	id INTEGER AUTO_INCREMENT NOT NULL PRIMARY KEY,
	bookName VARCHAR(50) NOT NULL,
	bookAuthor VARCHAR(50) NOT NULL,
	bookCategory VARCHAR(50) NOT NULL,
	bookDescription VARCHAR(255) NOT NULL,
	   bookReserved VARCHAR(50) NOT NULL,
     bookReservedUserId INTEGER NULL,
     bookRented VARCHAR(50) NOT NULL,
     bookRentedUserId INTEGER NULL,
     bookPicture VARCHAR(255) NULL,
     bookRentedDate VARCHAR(255) NOT NULL) ' (line 17): Table 'book' already exists
Error executing 'CREATE TABLE librarian (
	id INTEGER AUTO_INCREMENT NOT NULL PRIMARY KEY,
	firstName VARCHAR(50) NOT NULL,
	lastName VARCHAR(50) NOT NULL,
	email VARCHAR(50) NOT NULL,
	phone VARCHAR(50) NOT NULL,
    password VARCHAR(50) NOT NULL) ' (line 46): Table 'librarian' already exists

-------
26/46/2017 12:46:33
-------

Error executing 'CREATE TABLE customer (
	id INTEGER AUTO_INCREMENT NOT NULL PRIMARY KEY,
	firstName VARCHAR(50) NOT NULL,
	lastName VARCHAR(50) NOT NULL,
	email VARCHAR(50) NOT NULL,
	phone VARCHAR(50) NOT NULL,
	password VARCHAR(50) NOT NULL) ' (line 32): Table 'customer' already exists
Error executing 'CREATE TABLE library.admin (
	id VARCHAR(50) NOT NULL,
	password VARCHAR(50) NOT NULL) ' (line 56): Table 'admin' already exists

-------
26/46/2017 12:46:34
-------

Error executing 'CREATE TABLE book (
	id INTEGER AUTO_INCREMENT NOT NULL PRIMARY KEY,
	bookName VARCHAR(50) NOT NULL,
	bookAuthor VARCHAR(50) NOT NULL,
	bookCategory VARCHAR(50) NOT NULL,
	bookDescription VARCHAR(255) NOT NULL,
	   bookReserved VARCHAR(50) NOT NULL,
     bookReservedUserId INTEGER NULL,
     bookRented VARCHAR(50) NOT NULL,
     bookRentedUserId INTEGER NULL,
     bookPicture VARCHAR(255) NULL,
     bookRentedDate VARCHAR(255) NOT NULL) ' (line 17): Table 'book' already exists

-------
26/46/2017 12:46:34
-------

Error executing 'CREATE TABLE customer (
	id INTEGER AUTO_INCREMENT NOT NULL PRIMARY KEY,
	firstName VARCHAR(50) NOT NULL,
	lastName VARCHAR(50) NOT NULL,
	email VARCHAR(50) NOT NULL,
	phone VARCHAR(50) NOT NULL,
	password VARCHAR(50) NOT NULL) ' (line 32): Table 'customer' already exists
Error executing 'CREATE TABLE librarian (
	id INTEGER AUTO_INCREMENT NOT NULL PRIMARY KEY,
	firstName VARCHAR(50) NOT NULL,
	lastName VARCHAR(50) NOT NULL,
	email VARCHAR(50) NOT NULL,
	phone VARCHAR(50) NOT NULL,
    password VARCHAR(50) NOT NULL) ' (line 46): Table 'librarian' already exists
Error executing 'CREATE TABLE library.admin (
	id VARCHAR(50) NOT NULL,
	password VARCHAR(50) NOT NULL) ' (line 56): Table 'admin' already exists

-------
26/46/2017 12:46:34
-------

Error executing 'INSERT INTO book VALUES ( null, 'Harry Potter', 'Potter Author', 'Potter category', 'Potter description', 'false', 222, 'true',222,'pic.PNG', '2016-11-22') ' (line 19): Table 'library.book' doesn't exist
Error executing 'CREATE TABLE customer (
	id INTEGER AUTO_INCREMENT NOT NULL PRIMARY KEY,
	firstName VARCHAR(50) NOT NULL,
	lastName VARCHAR(50) NOT NULL,
	email VARCHAR(50) NOT NULL,
	phone VARCHAR(50) NOT NULL,
	password VARCHAR(50) NOT NULL) ' (line 32): Table 'customer' already exists
Error executing 'CREATE TABLE librarian (
	id INTEGER AUTO_INCREMENT NOT NULL PRIMARY KEY,
	firstName VARCHAR(50) NOT NULL,
	lastName VARCHAR(50) NOT NULL,
	email VARCHAR(50) NOT NULL,
	phone VARCHAR(50) NOT NULL,
    password VARCHAR(50) NOT NULL) ' (line 46): Table 'librarian' already exists

-------
26/46/2017 12:46:34
-------

Error executing 'CREATE TABLE library.admin (
	id VARCHAR(50) NOT NULL,
	password VARCHAR(50) NOT NULL) ' (line 56): Table 'admin' already exists

-------
26/46/2017 12:46:35
-------


-------
26/46/2017 12:46:35
-------

Error executing 'INSERT INTO book VALUES ( null, 'Harry Potter', 'Potter Author', 'Potter category', 'Potter description', 'false', 222, 'true',222,'pic.PNG', '2016-11-22') ' (line 19): Table 'library.book' doesn't exist
Error executing 'CREATE TABLE customer (
	id INTEGER AUTO_INCREMENT NOT NULL PRIMARY KEY,
	firstName VARCHAR(50) NOT NULL,
	lastName VARCHAR(50) NOT NULL,
	email VARCHAR(50) NOT NULL,
	phone VARCHAR(50) NOT NULL,
	password VARCHAR(50) NOT NULL) ' (line 32): Table 'customer' already exists
Error executing 'CREATE TABLE librarian (
	id INTEGER AUTO_INCREMENT NOT NULL PRIMARY KEY,
	firstName VARCHAR(50) NOT NULL,
	lastName VARCHAR(50) NOT NULL,
	email VARCHAR(50) NOT NULL,
	phone VARCHAR(50) NOT NULL,
    password VARCHAR(50) NOT NULL) ' (line 46): Table 'librarian' already exists
Error executing 'CREATE TABLE library.admin (
	id VARCHAR(50) NOT NULL,
	password VARCHAR(50) NOT NULL) ' (line 56): Table 'admin' already exists

-------
26/46/2017 12:46:35
-------

Error executing 'CREATE TABLE book (
	id INTEGER AUTO_INCREMENT NOT NULL PRIMARY KEY,
	bookName VARCHAR(50) NOT NULL,
	bookAuthor VARCHAR(50) NOT NULL,
	bookCategory VARCHAR(50) NOT NULL,
	bookDescription VARCHAR(255) NOT NULL,
	   bookReserved VARCHAR(50) NOT NULL,
     bookReservedUserId INTEGER NULL,
     bookRented VARCHAR(50) NOT NULL,
     bookRentedUserId INTEGER NULL,
     bookPicture VARCHAR(255) NULL,
     bookRentedDate VARCHAR(255) NOT NULL) ' (line 17): Table 'book' already exists
Error executing 'CREATE TABLE customer (
	id INTEGER AUTO_INCREMENT NOT NULL PRIMARY KEY,
	firstName VARCHAR(50) NOT NULL,
	lastName VARCHAR(50) NOT NULL,
	email VARCHAR(50) NOT NULL,
	phone VARCHAR(50) NOT NULL,
	password VARCHAR(50) NOT NULL) ' (line 32): Table 'customer' already exists

-------
26/46/2017 12:46:35
-------

Error executing 'CREATE TABLE librarian (
	id INTEGER AUTO_INCREMENT NOT NULL PRIMARY KEY,
	firstName VARCHAR(50) NOT NULL,
	lastName VARCHAR(50) NOT NULL,
	email VARCHAR(50) NOT NULL,
	phone VARCHAR(50) NOT NULL,
    password VARCHAR(50) NOT NULL) ' (line 46): Table 'librarian' already exists
Error executing 'CREATE TABLE library.admin (
	id VARCHAR(50) NOT NULL,
	password VARCHAR(50) NOT NULL) ' (line 56): Table 'admin' already exists

-------
26/46/2017 12:46:36
-------

Error executing 'CREATE TABLE customer (
	id INTEGER AUTO_INCREMENT NOT NULL PRIMARY KEY,
	firstName VARCHAR(50) NOT NULL,
	lastName VARCHAR(50) NOT NULL,
	email VARCHAR(50) NOT NULL,
	phone VARCHAR(50) NOT NULL,
	password VARCHAR(50) NOT NULL) ' (line 32): Table 'customer' already exists
Error executing 'CREATE TABLE librarian (
	id INTEGER AUTO_INCREMENT NOT NULL PRIMARY KEY,
	firstName VARCHAR(50) NOT NULL,
	lastName VARCHAR(50) NOT NULL,
	email VARCHAR(50) NOT NULL,
	phone VARCHAR(50) NOT NULL,
    password VARCHAR(50) NOT NULL) ' (line 46): Table 'librarian' already exists

-------
26/46/2017 12:46:36
-------

Error executing 'CREATE TABLE book (
	id INTEGER AUTO_INCREMENT NOT NULL PRIMARY KEY,
	bookName VARCHAR(50) NOT NULL,
	bookAuthor VARCHAR(50) NOT NULL,
	bookCategory VARCHAR(50) NOT NULL,
	bookDescription VARCHAR(255) NOT NULL,
	   bookReserved VARCHAR(50) NOT NULL,
     bookReservedUserId INTEGER NULL,
     bookRented VARCHAR(50) NOT NULL,
     bookRentedUserId INTEGER NULL,
     bookPicture VARCHAR(255) NULL,
     bookRentedDate VARCHAR(255) NOT NULL) ' (line 17): Table 'book' already exists
Error executing 'CREATE TABLE library.admin (
	id VARCHAR(50) NOT NULL,
	password VARCHAR(50) NOT NULL) ' (line 56): Table 'admin' already exists

-------
26/46/2017 12:46:36
-------

Error executing 'CREATE TABLE book (
	id INTEGER AUTO_INCREMENT NOT NULL PRIMARY KEY,
	bookName VARCHAR(50) NOT NULL,
	bookAuthor VARCHAR(50) NOT NULL,
	bookCategory VARCHAR(50) NOT NULL,
	bookDescription VARCHAR(255) NOT NULL,
	   bookReserved VARCHAR(50) NOT NULL,
     bookReservedUserId INTEGER NULL,
     bookRented VARCHAR(50) NOT NULL,
     bookRentedUserId INTEGER NULL,
     bookPicture VARCHAR(255) NULL,
     bookRentedDate VARCHAR(255) NOT NULL) ' (line 17): Table 'book' already exists
Error executing 'CREATE TABLE customer (
	id INTEGER AUTO_INCREMENT NOT NULL PRIMARY KEY,
	firstName VARCHAR(50) NOT NULL,
	lastName VARCHAR(50) NOT NULL,
	email VARCHAR(50) NOT NULL,
	phone VARCHAR(50) NOT NULL,
	password VARCHAR(50) NOT NULL) ' (line 32): Table 'customer' already exists
Error executing 'CREATE TABLE librarian (
	id INTEGER AUTO_INCREMENT NOT NULL PRIMARY KEY,
	firstName VARCHAR(50) NOT NULL,
	lastName VARCHAR(50) NOT NULL,
	email VARCHAR(50) NOT NULL,
	phone VARCHAR(50) NOT NULL,
    password VARCHAR(50) NOT NULL) ' (line 46): Table 'librarian' already exists

-------
26/46/2017 12:46:36
-------

Error executing 'CREATE TABLE library.admin (
	id VARCHAR(50) NOT NULL,
	password VARCHAR(50) NOT NULL) ' (line 56): Table 'admin' already exists

-------
26/46/2017 12:46:37
-------

Error executing 'CREATE TABLE book (
	id INTEGER AUTO_INCREMENT NOT NULL PRIMARY KEY,
	bookName VARCHAR(50) NOT NULL,
	bookAuthor VARCHAR(50) NOT NULL,
	bookCategory VARCHAR(50) NOT NULL,
	bookDescription VARCHAR(255) NOT NULL,
	   bookReserved VARCHAR(50) NOT NULL,
     bookReservedUserId INTEGER NULL,
     bookRented VARCHAR(50) NOT NULL,
     bookRentedUserId INTEGER NULL,
     bookPicture VARCHAR(255) NULL,
     bookRentedDate VARCHAR(255) NOT NULL) ' (line 17): Table 'book' already exists
Error executing 'CREATE TABLE customer (
	id INTEGER AUTO_INCREMENT NOT NULL PRIMARY KEY,
	firstName VARCHAR(50) NOT NULL,
	lastName VARCHAR(50) NOT NULL,
	email VARCHAR(50) NOT NULL,
	phone VARCHAR(50) NOT NULL,
	password VARCHAR(50) NOT NULL) ' (line 32): Table 'customer' already exists
Error executing 'CREATE TABLE librarian (
	id INTEGER AUTO_INCREMENT NOT NULL PRIMARY KEY,
	firstName VARCHAR(50) NOT NULL,
	lastName VARCHAR(50) NOT NULL,
	email VARCHAR(50) NOT NULL,
	phone VARCHAR(50) NOT NULL,
    password VARCHAR(50) NOT NULL) ' (line 46): Table 'librarian' already exists
Error executing 'CREATE TABLE library.admin (
	id VARCHAR(50) NOT NULL,
	password VARCHAR(50) NOT NULL) ' (line 56): Table 'admin' already exists

-------
26/46/2017 12:46:37
-------


-------
26/46/2017 12:46:37
-------

Error executing 'CREATE TABLE book (
	id INTEGER AUTO_INCREMENT NOT NULL PRIMARY KEY,
	bookName VARCHAR(50) NOT NULL,
	bookAuthor VARCHAR(50) NOT NULL,
	bookCategory VARCHAR(50) NOT NULL,
	bookDescription VARCHAR(255) NOT NULL,
	   bookReserved VARCHAR(50) NOT NULL,
     bookReservedUserId INTEGER NULL,
     bookRented VARCHAR(50) NOT NULL,
     bookRentedUserId INTEGER NULL,
     bookPicture VARCHAR(255) NULL,
     bookRentedDate VARCHAR(255) NOT NULL) ' (line 17): Table 'book' already exists

-------
26/46/2017 12:46:37
-------

Error executing 'CREATE TABLE customer (
	id INTEGER AUTO_INCREMENT NOT NULL PRIMARY KEY,
	firstName VARCHAR(50) NOT NULL,
	lastName VARCHAR(50) NOT NULL,
	email VARCHAR(50) NOT NULL,
	phone VARCHAR(50) NOT NULL,
	password VARCHAR(50) NOT NULL) ' (line 32): Table 'customer' already exists
Error executing 'CREATE TABLE librarian (
	id INTEGER AUTO_INCREMENT NOT NULL PRIMARY KEY,
	firstName VARCHAR(50) NOT NULL,
	lastName VARCHAR(50) NOT NULL,
	email VARCHAR(50) NOT NULL,
	phone VARCHAR(50) NOT NULL,
    password VARCHAR(50) NOT NULL) ' (line 46): Table 'librarian' already exists
Error executing 'CREATE TABLE library.admin (
	id VARCHAR(50) NOT NULL,
	password VARCHAR(50) NOT NULL) ' (line 56): Table 'admin' already exists

-------
26/46/2017 12:46:38
-------

Error executing 'CREATE TABLE customer (
	id INTEGER AUTO_INCREMENT NOT NULL PRIMARY KEY,
	firstName VARCHAR(50) NOT NULL,
	lastName VARCHAR(50) NOT NULL,
	email VARCHAR(50) NOT NULL,
	phone VARCHAR(50) NOT NULL,
	password VARCHAR(50) NOT NULL) ' (line 32): Table 'customer' already exists
Error executing 'CREATE TABLE librarian (
	id INTEGER AUTO_INCREMENT NOT NULL PRIMARY KEY,
	firstName VARCHAR(50) NOT NULL,
	lastName VARCHAR(50) NOT NULL,
	email VARCHAR(50) NOT NULL,
	phone VARCHAR(50) NOT NULL,
    password VARCHAR(50) NOT NULL) ' (line 46): Table 'librarian' already exists

-------
26/46/2017 12:46:38
-------

Error executing 'CREATE TABLE book (
	id INTEGER AUTO_INCREMENT NOT NULL PRIMARY KEY,
	bookName VARCHAR(50) NOT NULL,
	bookAuthor VARCHAR(50) NOT NULL,
	bookCategory VARCHAR(50) NOT NULL,
	bookDescription VARCHAR(255) NOT NULL,
	   bookReserved VARCHAR(50) NOT NULL,
     bookReservedUserId INTEGER NULL,
     bookRented VARCHAR(50) NOT NULL,
     bookRentedUserId INTEGER NULL,
     bookPicture VARCHAR(255) NULL,
     bookRentedDate VARCHAR(255) NOT NULL) ' (line 17): Table 'book' already exists
Error executing 'CREATE TABLE library.admin (
	id VARCHAR(50) NOT NULL,
	password VARCHAR(50) NOT NULL) ' (line 56): Table 'admin' already exists

-------
26/46/2017 12:46:38
-------

Error executing 'CREATE TABLE customer (
	id INTEGER AUTO_INCREMENT NOT NULL PRIMARY KEY,
	firstName VARCHAR(50) NOT NULL,
	lastName VARCHAR(50) NOT NULL,
	email VARCHAR(50) NOT NULL,
	phone VARCHAR(50) NOT NULL,
	password VARCHAR(50) NOT NULL) ' (line 32): Table 'customer' already exists
Error executing 'CREATE TABLE librarian (
	id INTEGER AUTO_INCREMENT NOT NULL PRIMARY KEY,
	firstName VARCHAR(50) NOT NULL,
	lastName VARCHAR(50) NOT NULL,
	email VARCHAR(50) NOT NULL,
	phone VARCHAR(50) NOT NULL,
    password VARCHAR(50) NOT NULL) ' (line 46): Table 'librarian' already exists

-------
26/46/2017 12:46:38
-------

Error executing 'CREATE TABLE book (
	id INTEGER AUTO_INCREMENT NOT NULL PRIMARY KEY,
	bookName VARCHAR(50) NOT NULL,
	bookAuthor VARCHAR(50) NOT NULL,
	bookCategory VARCHAR(50) NOT NULL,
	bookDescription VARCHAR(255) NOT NULL,
	   bookReserved VARCHAR(50) NOT NULL,
     bookReservedUserId INTEGER NULL,
     bookRented VARCHAR(50) NOT NULL,
     bookRentedUserId INTEGER NULL,
     bookPicture VARCHAR(255) NULL,
     bookRentedDate VARCHAR(255) NOT NULL) ' (line 17): Table 'book' already exists
Error executing 'CREATE TABLE library.admin (
	id VARCHAR(50) NOT NULL,
	password VARCHAR(50) NOT NULL) ' (line 56): Table 'admin' already exists

-------
26/50/2017 12:50:25
-------


-------
26/50/2017 12:50:26
-------


-------
26/50/2017 12:50:26
-------


-------
26/50/2017 12:50:27
-------


-------
26/50/2017 12:50:27
-------


-------
26/50/2017 12:50:27
-------


-------
26/50/2017 12:50:28
-------


-------
26/50/2017 12:50:28
-------


-------
26/50/2017 12:50:28
-------


-------
26/50/2017 12:50:29
-------


-------
26/50/2017 12:50:29
-------


-------
26/50/2017 12:50:29
-------


-------
26/50/2017 12:50:30
-------


-------
26/50/2017 12:50:30
-------


-------
26/50/2017 12:50:30
-------


-------
26/50/2017 12:50:31
-------


-------
26/50/2017 12:50:31
-------


-------
26/50/2017 12:50:31
-------


-------
26/50/2017 12:50:32
-------


-------
26/50/2017 12:50:44
-------


-------
26/50/2017 12:50:44
-------


-------
26/50/2017 12:50:45
-------


-------
26/50/2017 12:50:45
-------


-------
26/50/2017 12:50:45
-------


-------
26/50/2017 12:50:46
-------


-------
26/50/2017 12:50:46
-------


-------
26/50/2017 12:50:46
-------


-------
26/50/2017 12:50:47
-------


-------
26/50/2017 12:50:47
-------


-------
26/50/2017 12:50:48
-------


-------
26/50/2017 12:50:48
-------


-------
26/50/2017 12:50:48
-------


-------
26/50/2017 12:50:49
-------


-------
26/50/2017 12:50:49
-------


-------
26/50/2017 12:50:49
-------


-------
26/50/2017 12:50:50
-------


-------
26/50/2017 12:50:50
-------


-------
26/50/2017 12:50:50
-------


-------
26/51/2017 12:51:25
-------


-------
26/51/2017 12:51:25
-------


-------
26/51/2017 12:51:26
-------


-------
26/51/2017 12:51:26
-------


-------
26/51/2017 12:51:26
-------


-------
26/51/2017 12:51:27
-------


-------
26/51/2017 12:51:27
-------


-------
26/51/2017 12:51:27
-------


-------
26/51/2017 12:51:28
-------


-------
26/51/2017 12:51:28
-------


-------
26/51/2017 12:51:28
-------


-------
26/51/2017 12:51:29
-------


-------
26/51/2017 12:51:29
-------


-------
26/51/2017 12:51:29
-------


-------
26/51/2017 12:51:30
-------


-------
26/51/2017 12:51:30
-------


-------
26/51/2017 12:51:30
-------


-------
26/51/2017 12:51:31
-------


-------
26/51/2017 12:51:31
-------


-------
26/53/2017 12:53:31
-------


-------
26/53/2017 12:53:32
-------


-------
26/53/2017 12:53:32
-------


-------
26/53/2017 12:53:32
-------


-------
26/53/2017 12:53:33
-------


-------
26/53/2017 12:53:33
-------


-------
26/53/2017 12:53:33
-------


-------
26/53/2017 12:53:34
-------


-------
26/53/2017 12:53:34
-------


-------
26/53/2017 12:53:34
-------


-------
26/53/2017 12:53:35
-------


-------
26/53/2017 12:53:35
-------


-------
26/53/2017 12:53:36
-------


-------
26/53/2017 12:53:36
-------


-------
26/53/2017 12:53:36
-------


-------
26/53/2017 12:53:36
-------


-------
26/53/2017 12:53:37
-------


-------
26/53/2017 12:53:37
-------


-------
26/53/2017 12:53:37
-------


-------
26/53/2017 12:53:58
-------


-------
26/53/2017 12:53:58
-------


-------
26/53/2017 12:53:59
-------


-------
26/53/2017 12:53:59
-------


-------
26/53/2017 12:53:59
-------


-------
26/54/2017 12:54:00
-------


-------
26/54/2017 12:54:00
-------


-------
26/54/2017 12:54:00
-------


-------
26/54/2017 12:54:01
-------


-------
26/54/2017 12:54:01
-------


-------
26/54/2017 12:54:01
-------


-------
26/54/2017 12:54:02
-------


-------
26/54/2017 12:54:02
-------


-------
26/54/2017 12:54:02
-------


-------
26/54/2017 12:54:03
-------


-------
26/54/2017 12:54:03
-------


-------
26/54/2017 12:54:03
-------


-------
26/54/2017 12:54:03
-------


-------
26/54/2017 12:54:04
-------


-------
27/52/2017 12:52:38
-------

Error executing 'CREATE TABLE customer (
	id INTEGER AUTO_INCREMENT NOT NULL PRIMARY KEY,
	firstName VARCHAR(50) NOT NULL,
	lastName VARCHAR(50) NOT NULL,
	email VARCHAR(50) NOT NULL,
	phone VARCHAR(50) NOT NULL,
	password VARCHAR(50) NOT NULL) ' (line 32): Table 'customer' already exists
Error executing 'CREATE TABLE librarian (
	id INTEGER AUTO_INCREMENT NOT NULL PRIMARY KEY,
	firstName VARCHAR(50) NOT NULL,
	lastName VARCHAR(50) NOT NULL,
	email VARCHAR(50) NOT NULL,
	phone VARCHAR(50) NOT NULL,
    password VARCHAR(50) NOT NULL) ' (line 46): Table 'librarian' already exists

-------
27/52/2017 12:52:38
-------

Error executing 'CREATE TABLE book (
	id INTEGER AUTO_INCREMENT NOT NULL PRIMARY KEY,
	bookName VARCHAR(50) NOT NULL,
	bookAuthor VARCHAR(50) NOT NULL,
	bookCategory VARCHAR(50) NOT NULL,
	bookDescription VARCHAR(255) NOT NULL,
	   bookReserved VARCHAR(50) NOT NULL,
     bookReservedUserId INTEGER NULL,
     bookRented VARCHAR(50) NOT NULL,
     bookRentedUserId INTEGER NULL,
     bookPicture VARCHAR(255) NULL,
     bookRentedDate VARCHAR(255) NOT NULL) ' (line 17): Table 'book' already exists
Error executing 'CREATE TABLE library.admin (
	id VARCHAR(50) NOT NULL,
	password VARCHAR(50) NOT NULL) ' (line 56): Table 'admin' already exists

-------
27/52/2017 12:52:40
-------

Error executing 'CREATE TABLE book (
	id INTEGER AUTO_INCREMENT NOT NULL PRIMARY KEY,
	bookName VARCHAR(50) NOT NULL,
	bookAuthor VARCHAR(50) NOT NULL,
	bookCategory VARCHAR(50) NOT NULL,
	bookDescription VARCHAR(255) NOT NULL,
	   bookReserved VARCHAR(50) NOT NULL,
     bookReservedUserId INTEGER NULL,
     bookRented VARCHAR(50) NOT NULL,
     bookRentedUserId INTEGER NULL,
     bookPicture VARCHAR(255) NULL,
     bookRentedDate VARCHAR(255) NOT NULL) ' (line 17): Table 'book' already exists
Error executing 'CREATE TABLE customer (
	id INTEGER AUTO_INCREMENT NOT NULL PRIMARY KEY,
	firstName VARCHAR(50) NOT NULL,
	lastName VARCHAR(50) NOT NULL,
	email VARCHAR(50) NOT NULL,
	phone VARCHAR(50) NOT NULL,
	password VARCHAR(50) NOT NULL) ' (line 32): Table 'customer' already exists

-------
27/52/2017 12:52:40
-------

Error executing 'CREATE TABLE librarian (
	id INTEGER AUTO_INCREMENT NOT NULL PRIMARY KEY,
	firstName VARCHAR(50) NOT NULL,
	lastName VARCHAR(50) NOT NULL,
	email VARCHAR(50) NOT NULL,
	phone VARCHAR(50) NOT NULL,
    password VARCHAR(50) NOT NULL) ' (line 46): Table 'librarian' already exists
Error executing 'CREATE TABLE library.admin (
	id VARCHAR(50) NOT NULL,
	password VARCHAR(50) NOT NULL) ' (line 56): Table 'admin' already exists

-------
27/52/2017 12:52:41
-------

Error executing 'CREATE TABLE book (
	id INTEGER AUTO_INCREMENT NOT NULL PRIMARY KEY,
	bookName VARCHAR(50) NOT NULL,
	bookAuthor VARCHAR(50) NOT NULL,
	bookCategory VARCHAR(50) NOT NULL,
	bookDescription VARCHAR(255) NOT NULL,
	   bookReserved VARCHAR(50) NOT NULL,
     bookReservedUserId INTEGER NULL,
     bookRented VARCHAR(50) NOT NULL,
     bookRentedUserId INTEGER NULL,
     bookPicture VARCHAR(255) NULL,
     bookRentedDate VARCHAR(255) NOT NULL) ' (line 17): Table 'book' already exists
Error executing 'CREATE TABLE customer (
	id INTEGER AUTO_INCREMENT NOT NULL PRIMARY KEY,
	firstName VARCHAR(50) NOT NULL,
	lastName VARCHAR(50) NOT NULL,
	email VARCHAR(50) NOT NULL,
	phone VARCHAR(50) NOT NULL,
	password VARCHAR(50) NOT NULL) ' (line 32): Table 'customer' already exists
Error executing 'CREATE TABLE librarian (
	id INTEGER AUTO_INCREMENT NOT NULL PRIMARY KEY,
	firstName VARCHAR(50) NOT NULL,
	lastName VARCHAR(50) NOT NULL,
	email VARCHAR(50) NOT NULL,
	phone VARCHAR(50) NOT NULL,
    password VARCHAR(50) NOT NULL) ' (line 46): Table 'librarian' already exists

-------
27/52/2017 12:52:41
-------

Error executing 'CREATE TABLE library.admin (
	id VARCHAR(50) NOT NULL,
	password VARCHAR(50) NOT NULL) ' (line 56): Table 'admin' already exists

-------
27/52/2017 12:52:42
-------

Error executing 'CREATE TABLE book (
	id INTEGER AUTO_INCREMENT NOT NULL PRIMARY KEY,
	bookName VARCHAR(50) NOT NULL,
	bookAuthor VARCHAR(50) NOT NULL,
	bookCategory VARCHAR(50) NOT NULL,
	bookDescription VARCHAR(255) NOT NULL,
	   bookReserved VARCHAR(50) NOT NULL,
     bookReservedUserId INTEGER NULL,
     bookRented VARCHAR(50) NOT NULL,
     bookRentedUserId INTEGER NULL,
     bookPicture VARCHAR(255) NULL,
     bookRentedDate VARCHAR(255) NOT NULL) ' (line 17): Table 'book' already exists
Error executing 'CREATE TABLE librarian (
	id INTEGER AUTO_INCREMENT NOT NULL PRIMARY KEY,
	firstName VARCHAR(50) NOT NULL,
	lastName VARCHAR(50) NOT NULL,
	email VARCHAR(50) NOT NULL,
	phone VARCHAR(50) NOT NULL,
    password VARCHAR(50) NOT NULL) ' (line 46): Table 'librarian' already exists

-------
27/52/2017 12:52:42
-------

Error executing 'CREATE TABLE customer (
	id INTEGER AUTO_INCREMENT NOT NULL PRIMARY KEY,
	firstName VARCHAR(50) NOT NULL,
	lastName VARCHAR(50) NOT NULL,
	email VARCHAR(50) NOT NULL,
	phone VARCHAR(50) NOT NULL,
	password VARCHAR(50) NOT NULL) ' (line 32): Table 'customer' already exists
Error executing 'CREATE TABLE library.admin (
	id VARCHAR(50) NOT NULL,
	password VARCHAR(50) NOT NULL) ' (line 56): Table 'admin' already exists

-------
27/52/2017 12:52:44
-------

Error executing 'CREATE TABLE librarian (
	id INTEGER AUTO_INCREMENT NOT NULL PRIMARY KEY,
	firstName VARCHAR(50) NOT NULL,
	lastName VARCHAR(50) NOT NULL,
	email VARCHAR(50) NOT NULL,
	phone VARCHAR(50) NOT NULL,
    password VARCHAR(50) NOT NULL) ' (line 46): Table 'librarian' already exists

-------
27/52/2017 12:52:44
-------

Error executing 'CREATE TABLE book (
	id INTEGER AUTO_INCREMENT NOT NULL PRIMARY KEY,
	bookName VARCHAR(50) NOT NULL,
	bookAuthor VARCHAR(50) NOT NULL,
	bookCategory VARCHAR(50) NOT NULL,
	bookDescription VARCHAR(255) NOT NULL,
	   bookReserved VARCHAR(50) NOT NULL,
     bookReservedUserId INTEGER NULL,
     bookRented VARCHAR(50) NOT NULL,
     bookRentedUserId INTEGER NULL,
     bookPicture VARCHAR(255) NULL,
     bookRentedDate VARCHAR(255) NOT NULL) ' (line 17): Table 'book' already exists
Error executing 'CREATE TABLE customer (
	id INTEGER AUTO_INCREMENT NOT NULL PRIMARY KEY,
	firstName VARCHAR(50) NOT NULL,
	lastName VARCHAR(50) NOT NULL,
	email VARCHAR(50) NOT NULL,
	phone VARCHAR(50) NOT NULL,
	password VARCHAR(50) NOT NULL) ' (line 32): Table 'customer' already exists
Error executing 'CREATE TABLE library.admin (
	id VARCHAR(50) NOT NULL,
	password VARCHAR(50) NOT NULL) ' (line 56): Table 'admin' already exists

-------
27/52/2017 12:52:45
-------

Error executing 'CREATE TABLE book (
	id INTEGER AUTO_INCREMENT NOT NULL PRIMARY KEY,
	bookName VARCHAR(50) NOT NULL,
	bookAuthor VARCHAR(50) NOT NULL,
	bookCategory VARCHAR(50) NOT NULL,
	bookDescription VARCHAR(255) NOT NULL,
	   bookReserved VARCHAR(50) NOT NULL,
     bookReservedUserId INTEGER NULL,
     bookRented VARCHAR(50) NOT NULL,
     bookRentedUserId INTEGER NULL,
     bookPicture VARCHAR(255) NULL,
     bookRentedDate VARCHAR(255) NOT NULL) ' (line 17): Table 'book' already exists
Error executing 'CREATE TABLE customer (
	id INTEGER AUTO_INCREMENT NOT NULL PRIMARY KEY,
	firstName VARCHAR(50) NOT NULL,
	lastName VARCHAR(50) NOT NULL,
	email VARCHAR(50) NOT NULL,
	phone VARCHAR(50) NOT NULL,
	password VARCHAR(50) NOT NULL) ' (line 32): Table 'customer' already exists

-------
27/52/2017 12:52:45
-------

Error executing 'CREATE TABLE librarian (
	id INTEGER AUTO_INCREMENT NOT NULL PRIMARY KEY,
	firstName VARCHAR(50) NOT NULL,
	lastName VARCHAR(50) NOT NULL,
	email VARCHAR(50) NOT NULL,
	phone VARCHAR(50) NOT NULL,
    password VARCHAR(50) NOT NULL) ' (line 46): Table 'librarian' already exists
Error executing 'CREATE TABLE library.admin (
	id VARCHAR(50) NOT NULL,
	password VARCHAR(50) NOT NULL) ' (line 56): Table 'admin' already exists

-------
27/52/2017 12:52:46
-------

Error executing 'CREATE TABLE book (
	id INTEGER AUTO_INCREMENT NOT NULL PRIMARY KEY,
	bookName VARCHAR(50) NOT NULL,
	bookAuthor VARCHAR(50) NOT NULL,
	bookCategory VARCHAR(50) NOT NULL,
	bookDescription VARCHAR(255) NOT NULL,
	   bookReserved VARCHAR(50) NOT NULL,
     bookReservedUserId INTEGER NULL,
     bookRented VARCHAR(50) NOT NULL,
     bookRentedUserId INTEGER NULL,
     bookPicture VARCHAR(255) NULL,
     bookRentedDate VARCHAR(255) NOT NULL) ' (line 17): Table 'book' already exists
Error executing 'CREATE TABLE customer (
	id INTEGER AUTO_INCREMENT NOT NULL PRIMARY KEY,
	firstName VARCHAR(50) NOT NULL,
	lastName VARCHAR(50) NOT NULL,
	email VARCHAR(50) NOT NULL,
	phone VARCHAR(50) NOT NULL,
	password VARCHAR(50) NOT NULL) ' (line 32): Table 'customer' already exists
Error executing 'CREATE TABLE library.admin (
	id VARCHAR(50) NOT NULL,
	password VARCHAR(50) NOT NULL) ' (line 56): Table 'admin' already exists

-------
27/52/2017 12:52:46
-------

Error executing 'CREATE TABLE librarian (
	id INTEGER AUTO_INCREMENT NOT NULL PRIMARY KEY,
	firstName VARCHAR(50) NOT NULL,
	lastName VARCHAR(50) NOT NULL,
	email VARCHAR(50) NOT NULL,
	phone VARCHAR(50) NOT NULL,
    password VARCHAR(50) NOT NULL) ' (line 46): Table 'librarian' already exists

-------
27/52/2017 12:52:47
-------

Error executing 'CREATE TABLE customer (
	id INTEGER AUTO_INCREMENT NOT NULL PRIMARY KEY,
	firstName VARCHAR(50) NOT NULL,
	lastName VARCHAR(50) NOT NULL,
	email VARCHAR(50) NOT NULL,
	phone VARCHAR(50) NOT NULL,
	password VARCHAR(50) NOT NULL) ' (line 32): Table 'customer' already exists
Error executing 'CREATE TABLE librarian (
	id INTEGER AUTO_INCREMENT NOT NULL PRIMARY KEY,
	firstName VARCHAR(50) NOT NULL,
	lastName VARCHAR(50) NOT NULL,
	email VARCHAR(50) NOT NULL,
	phone VARCHAR(50) NOT NULL,
    password VARCHAR(50) NOT NULL) ' (line 46): Table 'librarian' already exists

-------
27/52/2017 12:52:46
-------

Error executing 'INSERT INTO book VALUES ( null, 'Harry Potter', 'Potter Author', 'Potter category', 'Potter description', 'false', 222, 'true',222,'pic.PNG', '2016-11-22') ' (line 19): Table 'library.book' doesn't exist
Error executing 'CREATE TABLE library.admin (
	id VARCHAR(50) NOT NULL,
	password VARCHAR(50) NOT NULL) ' (line 56): Table 'admin' already exists

-------
27/52/2017 12:52:49
-------

Error executing 'CREATE TABLE librarian (
	id INTEGER AUTO_INCREMENT NOT NULL PRIMARY KEY,
	firstName VARCHAR(50) NOT NULL,
	lastName VARCHAR(50) NOT NULL,
	email VARCHAR(50) NOT NULL,
	phone VARCHAR(50) NOT NULL,
    password VARCHAR(50) NOT NULL) ' (line 46): Table 'librarian' already exists

-------
27/52/2017 12:52:48
-------

Error executing 'INSERT INTO book VALUES ( null, 'Harry Potter', 'Potter Author', 'Potter category', 'Potter description', 'false', 222, 'true',222,'pic.PNG', '2016-11-22') ' (line 19): Table 'library.book' doesn't exist
Error executing 'CREATE TABLE customer (
	id INTEGER AUTO_INCREMENT NOT NULL PRIMARY KEY,
	firstName VARCHAR(50) NOT NULL,
	lastName VARCHAR(50) NOT NULL,
	email VARCHAR(50) NOT NULL,
	phone VARCHAR(50) NOT NULL,
	password VARCHAR(50) NOT NULL) ' (line 32): Table 'customer' already exists
Error executing 'CREATE TABLE library.admin (
	id VARCHAR(50) NOT NULL,
	password VARCHAR(50) NOT NULL) ' (line 56): Table 'admin' already exists

-------
27/52/2017 12:52:52
-------

Error executing 'CREATE TABLE book (
	id INTEGER AUTO_INCREMENT NOT NULL PRIMARY KEY,
	bookName VARCHAR(50) NOT NULL,
	bookAuthor VARCHAR(50) NOT NULL,
	bookCategory VARCHAR(50) NOT NULL,
	bookDescription VARCHAR(255) NOT NULL,
	   bookReserved VARCHAR(50) NOT NULL,
     bookReservedUserId INTEGER NULL,
     bookRented VARCHAR(50) NOT NULL,
     bookRentedUserId INTEGER NULL,
     bookPicture VARCHAR(255) NULL,
     bookRentedDate VARCHAR(255) NOT NULL) ' (line 17): Table 'book' already exists
Error executing 'CREATE TABLE librarian (
	id INTEGER AUTO_INCREMENT NOT NULL PRIMARY KEY,
	firstName VARCHAR(50) NOT NULL,
	lastName VARCHAR(50) NOT NULL,
	email VARCHAR(50) NOT NULL,
	phone VARCHAR(50) NOT NULL,
    password VARCHAR(50) NOT NULL) ' (line 46): Table 'librarian' already exists
Error executing 'CREATE TABLE library.admin (
	id VARCHAR(50) NOT NULL,
	password VARCHAR(50) NOT NULL) ' (line 56): Table 'admin' already exists

-------
27/52/2017 12:52:52
-------

Error executing 'CREATE TABLE customer (
	id INTEGER AUTO_INCREMENT NOT NULL PRIMARY KEY,
	firstName VARCHAR(50) NOT NULL,
	lastName VARCHAR(50) NOT NULL,
	email VARCHAR(50) NOT NULL,
	phone VARCHAR(50) NOT NULL,
	password VARCHAR(50) NOT NULL) ' (line 32): Table 'customer' already exists

-------
27/52/2017 12:52:53
-------

Error executing 'CREATE TABLE book (
	id INTEGER AUTO_INCREMENT NOT NULL PRIMARY KEY,
	bookName VARCHAR(50) NOT NULL,
	bookAuthor VARCHAR(50) NOT NULL,
	bookCategory VARCHAR(50) NOT NULL,
	bookDescription VARCHAR(255) NOT NULL,
	   bookReserved VARCHAR(50) NOT NULL,
     bookReservedUserId INTEGER NULL,
     bookRented VARCHAR(50) NOT NULL,
     bookRentedUserId INTEGER NULL,
     bookPicture VARCHAR(255) NULL,
     bookRentedDate VARCHAR(255) NOT NULL) ' (line 17): Table 'book' already exists

-------
27/52/2017 12:52:53
-------

Error executing 'CREATE TABLE customer (
	id INTEGER AUTO_INCREMENT NOT NULL PRIMARY KEY,
	firstName VARCHAR(50) NOT NULL,
	lastName VARCHAR(50) NOT NULL,
	email VARCHAR(50) NOT NULL,
	phone VARCHAR(50) NOT NULL,
	password VARCHAR(50) NOT NULL) ' (line 32): Table 'customer' already exists
Error executing 'CREATE TABLE librarian (
	id INTEGER AUTO_INCREMENT NOT NULL PRIMARY KEY,
	firstName VARCHAR(50) NOT NULL,
	lastName VARCHAR(50) NOT NULL,
	email VARCHAR(50) NOT NULL,
	phone VARCHAR(50) NOT NULL,
    password VARCHAR(50) NOT NULL) ' (line 46): Table 'librarian' already exists
Error executing 'CREATE TABLE library.admin (
	id VARCHAR(50) NOT NULL,
	password VARCHAR(50) NOT NULL) ' (line 56): Table 'admin' already exists

-------
27/52/2017 12:52:54
-------

Error executing 'CREATE TABLE book (
	id INTEGER AUTO_INCREMENT NOT NULL PRIMARY KEY,
	bookName VARCHAR(50) NOT NULL,
	bookAuthor VARCHAR(50) NOT NULL,
	bookCategory VARCHAR(50) NOT NULL,
	bookDescription VARCHAR(255) NOT NULL,
	   bookReserved VARCHAR(50) NOT NULL,
     bookReservedUserId INTEGER NULL,
     bookRented VARCHAR(50) NOT NULL,
     bookRentedUserId INTEGER NULL,
     bookPicture VARCHAR(255) NULL,
     bookRentedDate VARCHAR(255) NOT NULL) ' (line 17): Table 'book' already exists
Error executing 'CREATE TABLE customer (
	id INTEGER AUTO_INCREMENT NOT NULL PRIMARY KEY,
	firstName VARCHAR(50) NOT NULL,
	lastName VARCHAR(50) NOT NULL,
	email VARCHAR(50) NOT NULL,
	phone VARCHAR(50) NOT NULL,
	password VARCHAR(50) NOT NULL) ' (line 32): Table 'customer' already exists
Error executing 'CREATE TABLE librarian (
	id INTEGER AUTO_INCREMENT NOT NULL PRIMARY KEY,
	firstName VARCHAR(50) NOT NULL,
	lastName VARCHAR(50) NOT NULL,
	email VARCHAR(50) NOT NULL,
	phone VARCHAR(50) NOT NULL,
    password VARCHAR(50) NOT NULL) ' (line 46): Table 'librarian' already exists

-------
27/52/2017 12:52:54
-------

Error executing 'CREATE TABLE library.admin (
	id VARCHAR(50) NOT NULL,
	password VARCHAR(50) NOT NULL) ' (line 56): Table 'admin' already exists

-------
27/52/2017 12:52:55
-------


-------
27/52/2017 12:52:56
-------


-------
27/52/2017 12:52:57
-------


-------
27/52/2017 12:52:58
-------

Error executing 'INSERT INTO admin VALUES ('admin', 'password') ' (line 58): Table 'library.admin' doesn't exist

-------
27/52/2017 12:52:55
-------

Error executing 'CREATE TABLE book (
	id INTEGER AUTO_INCREMENT NOT NULL PRIMARY KEY,
	bookName VARCHAR(50) NOT NULL,
	bookAuthor VARCHAR(50) NOT NULL,
	bookCategory VARCHAR(50) NOT NULL,
	bookDescription VARCHAR(255) NOT NULL,
	   bookReserved VARCHAR(50) NOT NULL,
     bookReservedUserId INTEGER NULL,
     bookRented VARCHAR(50) NOT NULL,
     bookRentedUserId INTEGER NULL,
     bookPicture VARCHAR(255) NULL,
     bookRentedDate VARCHAR(255) NOT NULL) ' (line 17): Table 'book' already exists
Error executing 'CREATE TABLE customer (
	id INTEGER AUTO_INCREMENT NOT NULL PRIMARY KEY,
	firstName VARCHAR(50) NOT NULL,
	lastName VARCHAR(50) NOT NULL,
	email VARCHAR(50) NOT NULL,
	phone VARCHAR(50) NOT NULL,
	password VARCHAR(50) NOT NULL) ' (line 32): Table 'customer' already exists
Error executing 'CREATE TABLE librarian (
	id INTEGER AUTO_INCREMENT NOT NULL PRIMARY KEY,
	firstName VARCHAR(50) NOT NULL,
	lastName VARCHAR(50) NOT NULL,
	email VARCHAR(50) NOT NULL,
	phone VARCHAR(50) NOT NULL,
    password VARCHAR(50) NOT NULL) ' (line 46): Table 'librarian' already exists

-------
27/52/2017 12:52:59
-------


-------
27/52/2017 12:52:59
-------


-------
27/53/2017 12:53:00
-------


-------
27/53/2017 12:53:00
-------


-------
27/53/2017 12:53:01
-------


-------
27/53/2017 12:53:01
-------


-------
27/53/2017 12:53:02
-------


-------
27/53/2017 12:53:04
-------


-------
27/53/2017 12:53:04
-------

